<?xml version="1.0" encoding="UTF-8" ?>
<testsuite tests="10" failures="0" name="step_definitions.RunCukesTest" time="0.015" errors="0" skipped="0">
  <properties>
[...]
</properties>
  <testcase classname="Scenario: Sign in and sign out" name="When I open automationpractice website" time="0.01"/>
  <testcase classname="Scenario: Sign in and sign out" name="And I sign in" time="0"/>
  <testcase classname="Scenario: Sign in and sign out" name="Then I sign out" time="0"/>
  <testcase classname="Scenario: Sign in and sign out" name="Scenario: Sign in and sign out" time="0.001"/>
  <testcase classname="Scenario: Contact Us Action" name="When I open automationpractice website" time="0"/>
  <testcase classname="Scenario: Contact Us Action" name="Then I perform contact us actions" time="0"/>
  <testcase classname="Scenario: Contact Us Action" name="Scenario: Contact Us Action" time="0.003"/>
  <testcase classname="Scenario: Social Link Action" name="When I open automationpractice website" time="0"/>
  <testcase classname="Scenario: Social Link Action" name="Then I perform Social link actions" time="0"/>
  <testcase classname="Scenario: Social Link Action" name="Scenario: Social Link Action" time="0.001"/>
</testsuite>